<?xml version="1.0" encoding="utf-8"?><testsuites name="pytest tests"><testsuite name="pytest" errors="0" failures="2" skipped="0" tests="34" time="7.159" timestamp="2026-07-25T13:31:55.775361+00:00" hostname="agent-env-ab492ad6-687e-4610-8e60-37c47a5e88aa"><testcase classname="tests.backend_test" name="test_root" time="0.204" /><testcase classname="tests.backend_test" name="test_settings_get" time="0.048" /><testcase classname="tests.backend_test" name="test_page_home" time="0.045" /><testcase classname="tests.backend_test" name="test_page_about" time="0.043" /><testcase classname="tests.backend_test" name="test_public_services" time="0.046" /><testcase classname="tests.backend_test" name="test_public_portfolio" time="0.045" /><testcase classname="tests.backend_test" name="test_public_portfolio_featured" time="0.042" /><testcase classname="tests.backend_test" name="test_public_case_studies" time="0.043" /><testcase classname="tests.backend_test" name="test_public_posts_hides_drafts" time="0.042" /><testcase classname="tests.backend_test" name="test_public_testimonials_faqs" time="0.086" /><testcase classname="tests.backend_test" name="test_portfolio_detail" time="0.092" /><testcase classname="tests.backend_test" name="test_case_study_detail" time="0.084" /><testcase classname="tests.backend_test" name="test_post_detail" time="0.089" /><testcase classname="tests.backend_test" name="test_login_wrong_password" time="0.280" /><testcase classname="tests.backend_test" name="test_auth_me" time="0.349" /><testcase classname="tests.backend_test" name="test_auth_no_token_rejected" time="0.042" /><testcase classname="tests.backend_test" name="test_forgot_password_returns_success" time="0.045" /><testcase classname="tests.backend_test" name="test_brute_force_lockout" time="0.502"><failure message="AssertionError: expected 429, got 401&#10;assert 401 == 429&#10; +  where 401 = &lt;Response [401]&gt;.status_code">backend/tests/backend_test.py:172: in test_brute_force_lockout
    assert r.status_code == 429, f"expected 429, got {r.status_code}"
E   AssertionError: expected 429, got 401
E   assert 401 == 429
E    +  where 401 = &lt;Response [401]&gt;.status_code</failure></testcase><testcase classname="tests.backend_test" name="test_change_password_and_revert" time="0.983" /><testcase classname="tests.backend_test" name="test_unauth_admin_endpoints_rejected" time="0.126" /><testcase classname="tests.backend_test" name="test_crud_collections[services-payload0-True]" time="0.173" /><testcase classname="tests.backend_test" name="test_crud_collections[portfolio-payload1-True]" time="0.136" /><testcase classname="tests.backend_test" name="test_crud_collections[case-studies-payload2-True]" time="0.133" /><testcase classname="tests.backend_test" name="test_crud_collections[testimonials-payload3-False]" time="0.132" /><testcase classname="tests.backend_test" name="test_crud_collections[faqs-payload4-False]" time="0.136" /><testcase classname="tests.backend_test" name="test_draft_post_hidden_from_public" time="0.184" /><testcase classname="tests.backend_test" name="test_update_home_page_persists" time="0.189" /><testcase classname="tests.backend_test" name="test_update_settings_admin" time="0.131" /><testcase classname="tests.backend_test" name="test_enquiry_honeypot_ignored" time="0.130" /><testcase classname="tests.backend_test" name="test_enquiry_create_and_admin_manage" time="0.245" /><testcase classname="tests.backend_test" name="test_media_upload_list_raw_delete" time="1.214" /><testcase classname="tests.backend_test" name="test_seo_upsert_and_list" time="0.086" /><testcase classname="tests.backend_test" name="test_users_admin_flow" time="0.308"><failure message="assert False&#10; +  where False = any(&lt;generator object test_users_admin_flow.&lt;locals&gt;.&lt;genexpr&gt; at 0xf805055e67a0&gt;)">backend/tests/backend_test.py:351: in test_users_admin_flow
    assert any(u["email"] == email for u in lst)
E   assert False
E    +  where False = any(&lt;generator object test_users_admin_flow.&lt;locals&gt;.&lt;genexpr&gt; at 0xf805055e67a0&gt;)</failure></testcase><testcase classname="tests.backend_test" name="test_stats" time="0.051" /></testsuite></testsuites>