<?xml version="1.0" encoding="utf-8"?><testsuites name="pytest tests"><testsuite name="pytest" errors="0" failures="0" skipped="0" tests="47" time="7.721" timestamp="2026-07-25T14:05:39.196162+00:00" hostname="agent-env-ab492ad6-687e-4610-8e60-37c47a5e88aa"><testcase classname="tests.backend_test" name="test_root" time="0.146" /><testcase classname="tests.backend_test" name="test_settings_get" time="0.043" /><testcase classname="tests.backend_test" name="test_page_home" time="0.045" /><testcase classname="tests.backend_test" name="test_page_about" time="0.045" /><testcase classname="tests.backend_test" name="test_public_services" time="0.047" /><testcase classname="tests.backend_test" name="test_public_portfolio" time="0.054" /><testcase classname="tests.backend_test" name="test_public_portfolio_featured" time="0.045" /><testcase classname="tests.backend_test" name="test_public_case_studies" time="0.048" /><testcase classname="tests.backend_test" name="test_public_posts_hides_drafts" time="0.047" /><testcase classname="tests.backend_test" name="test_public_testimonials_faqs" time="0.089" /><testcase classname="tests.backend_test" name="test_portfolio_detail" time="0.087" /><testcase classname="tests.backend_test" name="test_case_study_detail" time="0.089" /><testcase classname="tests.backend_test" name="test_post_detail" time="0.084" /><testcase classname="tests.backend_test" name="test_login_wrong_password" time="0.268" /><testcase classname="tests.backend_test" name="test_auth_me" time="0.315" /><testcase classname="tests.backend_test" name="test_auth_no_token_rejected" time="0.041" /><testcase classname="tests.backend_test" name="test_forgot_password_returns_success" time="0.047" /><testcase classname="tests.backend_test" name="test_brute_force_lockout" time="0.321" /><testcase classname="tests.backend_test" name="test_change_password_and_revert" time="0.981" /><testcase classname="tests.backend_test" name="test_unauth_admin_endpoints_rejected" time="0.168" /><testcase classname="tests.backend_test" name="test_crud_collections[services-payload0-True]" time="0.137" /><testcase classname="tests.backend_test" name="test_crud_collections[portfolio-payload1-True]" time="0.134" /><testcase classname="tests.backend_test" name="test_crud_collections[case-studies-payload2-True]" time="0.139" /><testcase classname="tests.backend_test" name="test_crud_collections[testimonials-payload3-False]" time="0.145" /><testcase classname="tests.backend_test" name="test_crud_collections[faqs-payload4-False]" time="0.138" /><testcase classname="tests.backend_test" name="test_draft_post_hidden_from_public" time="0.189" /><testcase classname="tests.backend_test" name="test_update_home_page_persists" time="0.178" /><testcase classname="tests.backend_test" name="test_update_settings_admin" time="0.129" /><testcase classname="tests.backend_test" name="test_enquiry_honeypot_ignored" time="0.099" /><testcase classname="tests.backend_test" name="test_enquiry_create_and_admin_manage" time="0.229" /><testcase classname="tests.backend_test" name="test_media_upload_list_raw_delete" time="0.712" /><testcase classname="tests.backend_test" name="test_seo_upsert_and_list" time="0.087" /><testcase classname="tests.backend_test" name="test_users_admin_flow" time="0.988" /><testcase classname="tests.backend_test" name="test_stats" time="0.045" /><testcase classname="tests.backend_test" name="test_marketing_page_has_hero[services]" time="0.048" /><testcase classname="tests.backend_test" name="test_marketing_page_has_hero[portfolio]" time="0.043" /><testcase classname="tests.backend_test" name="test_marketing_page_has_hero[case-studies]" time="0.043" /><testcase classname="tests.backend_test" name="test_marketing_page_has_hero[blog]" time="0.044" /><testcase classname="tests.backend_test" name="test_marketing_page_has_hero[contact]" time="0.050" /><testcase classname="tests.backend_test" name="test_marketing_page_has_hero[privacy]" time="0.043" /><testcase classname="tests.backend_test" name="test_marketing_page_has_hero[terms]" time="0.044" /><testcase classname="tests.backend_test" name="test_seo_by_path[/services]" time="0.043" /><testcase classname="tests.backend_test" name="test_seo_by_path[/portfolio]" time="0.042" /><testcase classname="tests.backend_test" name="test_seo_by_path[/case-studies]" time="0.044" /><testcase classname="tests.backend_test" name="test_seo_by_path[/blog]" time="0.045" /><testcase classname="tests.backend_test" name="test_seo_by_path[/contact]" time="0.042" /><testcase classname="tests.backend_test" name="test_update_services_page_hero_and_revert" time="0.139" /></testsuite></testsuites>